<?xml version="1.0" encoding="UTF-8"?>
<testsuite name="Cucumber" time="22.993" tests="4" skipped="0" failures="4" errors="0">
<testcase classname="MyAccount -Login Feature" name="Login with valid and invalid usernames and passwords - Example #1.1" time="6.706">
<failure type="org.openqa.selenium.SessionNotCreatedException" message="Could not start a new session. Response code 500. Message: session not created: This version of ChromeDriver only supports Chrome version 120
Current browser version is 127.0.6533.120 with binary path C:\Program Files\Google\Chrome\Application\chrome.exe 
Host info: host: 'DESKTOP-38IBVSS', ip: '192.168.0.129'
Build info: version: '4.8.3', revision: 'e5e76298c3'
System info: os.name: 'Windows 10', os.arch: 'amd64', os.version: '10.0', java.version: '17'
Driver info: org.openqa.selenium.chrome.ChromeDriver
Command: [null, newSession {capabilities=[Capabilities {browserName: chrome, goog:chromeOptions: {args: [--remote-allow-origins=*], extensions: [Q3IyNAMAAABFAgAAEqwECqYCMII...]}}], desiredCapabilities=Capabilities {browserName: chrome, goog:chromeOptions: {args: [--remote-allow-origins=*], extensions: [Q3IyNAMAAABFAgAAEqwECqYCMII...]}}}]">
<![CDATA[org.openqa.selenium.SessionNotCreatedException: Could not start a new session. Response code 500. Message: session not created: This version of ChromeDriver only supports Chrome version 120
Current browser version is 127.0.6533.120 with binary path C:\Program Files\Google\Chrome\Application\chrome.exe 
Host info: host: 'DESKTOP-38IBVSS', ip: '192.168.0.129'
Build info: version: '4.8.3', revision: 'e5e76298c3'
System info: os.name: 'Windows 10', os.arch: 'amd64', os.version: '10.0', java.version: '17'
Driver info: org.openqa.selenium.chrome.ChromeDriver
Command: [null, newSession {capabilities=[Capabilities {browserName: chrome, goog:chromeOptions: {args: [--remote-allow-origins=*], extensions: [Q3IyNAMAAABFAgAAEqwECqYCMII...]}}], desiredCapabilities=Capabilities {browserName: chrome, goog:chromeOptions: {args: [--remote-allow-origins=*], extensions: [Q3IyNAMAAABFAgAAEqwECqYCMII...]}}}]
	at org.openqa.selenium.remote.ProtocolHandshake.createSession(ProtocolHandshake.java:148)
	at org.openqa.selenium.remote.ProtocolHandshake.createSession(ProtocolHandshake.java:106)
	at org.openqa.selenium.remote.ProtocolHandshake.createSession(ProtocolHandshake.java:67)
	at org.openqa.selenium.remote.HttpCommandExecutor.execute(HttpCommandExecutor.java:165)
	at org.openqa.selenium.remote.service.DriverCommandExecutor.invokeExecute(DriverCommandExecutor.java:183)
	at org.openqa.selenium.remote.service.DriverCommandExecutor.execute(DriverCommandExecutor.java:158)
	at org.openqa.selenium.remote.RemoteWebDriver.execute(RemoteWebDriver.java:543)
	at org.openqa.selenium.remote.RemoteWebDriver.startSession(RemoteWebDriver.java:229)
	at org.openqa.selenium.remote.RemoteWebDriver.<init>(RemoteWebDriver.java:157)
	at org.openqa.selenium.chromium.ChromiumDriver.<init>(ChromiumDriver.java:101)
	at org.openqa.selenium.chrome.ChromeDriver.<init>(ChromeDriver.java:88)
	at org.openqa.selenium.chrome.ChromeDriver.<init>(ChromeDriver.java:84)
	at org.openqa.selenium.chrome.ChromeDriver.<init>(ChromeDriver.java:73)
	at stepDefinitions.MyAccountLoginStepDefinitions.open_browser(MyAccountLoginStepDefinitions.java:20)
	at ?.Open Browser(file:///C:/Users/Murugan%20Kiran/eclipse-workspace/Cucumberproject/Features/MyAccount-Login.feature:14)
]]>
</failure>
<system-out><![CDATA[
Given Open Browser..........................................................failed
When Enter the URL"https://practice.automationtesting.in/"..................skipped
And click on MyAccount Menu.................................................skipped
And Enter the valid username "Kiran123@gmail.com" and password "Kiran@123"..skipped
And Click on Login buttona..................................................skipped
Then user must be successfully loged into the we page.......................skipped
]]></system-out>
</testcase>
<testcase classname="MyAccount -Login Feature" name="Login with valid and invalid usernames and passwords - Example #1.2" time="7.816">
<failure type="org.openqa.selenium.SessionNotCreatedException" message="Could not start a new session. Response code 500. Message: session not created: This version of ChromeDriver only supports Chrome version 120
Current browser version is 127.0.6533.120 with binary path C:\Program Files\Google\Chrome\Application\chrome.exe 
Host info: host: 'DESKTOP-38IBVSS', ip: '192.168.0.129'
Build info: version: '4.8.3', revision: 'e5e76298c3'
System info: os.name: 'Windows 10', os.arch: 'amd64', os.version: '10.0', java.version: '17'
Driver info: org.openqa.selenium.chrome.ChromeDriver
Command: [null, newSession {capabilities=[Capabilities {browserName: chrome, goog:chromeOptions: {args: [--remote-allow-origins=*], extensions: [Q3IyNAMAAABFAgAAEqwECqYCMII...]}}], desiredCapabilities=Capabilities {browserName: chrome, goog:chromeOptions: {args: [--remote-allow-origins=*], extensions: [Q3IyNAMAAABFAgAAEqwECqYCMII...]}}}]">
<![CDATA[org.openqa.selenium.SessionNotCreatedException: Could not start a new session. Response code 500. Message: session not created: This version of ChromeDriver only supports Chrome version 120
Current browser version is 127.0.6533.120 with binary path C:\Program Files\Google\Chrome\Application\chrome.exe 
Host info: host: 'DESKTOP-38IBVSS', ip: '192.168.0.129'
Build info: version: '4.8.3', revision: 'e5e76298c3'
System info: os.name: 'Windows 10', os.arch: 'amd64', os.version: '10.0', java.version: '17'
Driver info: org.openqa.selenium.chrome.ChromeDriver
Command: [null, newSession {capabilities=[Capabilities {browserName: chrome, goog:chromeOptions: {args: [--remote-allow-origins=*], extensions: [Q3IyNAMAAABFAgAAEqwECqYCMII...]}}], desiredCapabilities=Capabilities {browserName: chrome, goog:chromeOptions: {args: [--remote-allow-origins=*], extensions: [Q3IyNAMAAABFAgAAEqwECqYCMII...]}}}]
	at org.openqa.selenium.remote.ProtocolHandshake.createSession(ProtocolHandshake.java:148)
	at org.openqa.selenium.remote.ProtocolHandshake.createSession(ProtocolHandshake.java:106)
	at org.openqa.selenium.remote.ProtocolHandshake.createSession(ProtocolHandshake.java:67)
	at org.openqa.selenium.remote.HttpCommandExecutor.execute(HttpCommandExecutor.java:165)
	at org.openqa.selenium.remote.service.DriverCommandExecutor.invokeExecute(DriverCommandExecutor.java:183)
	at org.openqa.selenium.remote.service.DriverCommandExecutor.execute(DriverCommandExecutor.java:158)
	at org.openqa.selenium.remote.RemoteWebDriver.execute(RemoteWebDriver.java:543)
	at org.openqa.selenium.remote.RemoteWebDriver.startSession(RemoteWebDriver.java:229)
	at org.openqa.selenium.remote.RemoteWebDriver.<init>(RemoteWebDriver.java:157)
	at org.openqa.selenium.chromium.ChromiumDriver.<init>(ChromiumDriver.java:101)
	at org.openqa.selenium.chrome.ChromeDriver.<init>(ChromeDriver.java:88)
	at org.openqa.selenium.chrome.ChromeDriver.<init>(ChromeDriver.java:84)
	at org.openqa.selenium.chrome.ChromeDriver.<init>(ChromeDriver.java:73)
	at stepDefinitions.MyAccountLoginStepDefinitions.open_browser(MyAccountLoginStepDefinitions.java:20)
	at ?.Open Browser(file:///C:/Users/Murugan%20Kiran/eclipse-workspace/Cucumberproject/Features/MyAccount-Login.feature:14)
]]>
</failure>
<system-out><![CDATA[
Given Open Browser..........................................................failed
When Enter the URL"https://practice.automationtesting.in/"..................skipped
And click on MyAccount Menu.................................................skipped
And Enter the valid username "username1" and password "password2"...........skipped
And Click on Login buttona..................................................skipped
Then user must be successfully loged into the we page.......................skipped
]]></system-out>
</testcase>
<testcase classname="MyAccount -Login Feature" name="Login with valid and invalid usernames and passwords - Example #1.3" time="3.738">
<failure type="org.openqa.selenium.SessionNotCreatedException" message="Could not start a new session. Response code 500. Message: session not created: This version of ChromeDriver only supports Chrome version 120
Current browser version is 127.0.6533.120 with binary path C:\Program Files\Google\Chrome\Application\chrome.exe 
Host info: host: 'DESKTOP-38IBVSS', ip: '192.168.0.129'
Build info: version: '4.8.3', revision: 'e5e76298c3'
System info: os.name: 'Windows 10', os.arch: 'amd64', os.version: '10.0', java.version: '17'
Driver info: org.openqa.selenium.chrome.ChromeDriver
Command: [null, newSession {capabilities=[Capabilities {browserName: chrome, goog:chromeOptions: {args: [--remote-allow-origins=*], extensions: [Q3IyNAMAAABFAgAAEqwECqYCMII...]}}], desiredCapabilities=Capabilities {browserName: chrome, goog:chromeOptions: {args: [--remote-allow-origins=*], extensions: [Q3IyNAMAAABFAgAAEqwECqYCMII...]}}}]">
<![CDATA[org.openqa.selenium.SessionNotCreatedException: Could not start a new session. Response code 500. Message: session not created: This version of ChromeDriver only supports Chrome version 120
Current browser version is 127.0.6533.120 with binary path C:\Program Files\Google\Chrome\Application\chrome.exe 
Host info: host: 'DESKTOP-38IBVSS', ip: '192.168.0.129'
Build info: version: '4.8.3', revision: 'e5e76298c3'
System info: os.name: 'Windows 10', os.arch: 'amd64', os.version: '10.0', java.version: '17'
Driver info: org.openqa.selenium.chrome.ChromeDriver
Command: [null, newSession {capabilities=[Capabilities {browserName: chrome, goog:chromeOptions: {args: [--remote-allow-origins=*], extensions: [Q3IyNAMAAABFAgAAEqwECqYCMII...]}}], desiredCapabilities=Capabilities {browserName: chrome, goog:chromeOptions: {args: [--remote-allow-origins=*], extensions: [Q3IyNAMAAABFAgAAEqwECqYCMII...]}}}]
	at org.openqa.selenium.remote.ProtocolHandshake.createSession(ProtocolHandshake.java:148)
	at org.openqa.selenium.remote.ProtocolHandshake.createSession(ProtocolHandshake.java:106)
	at org.openqa.selenium.remote.ProtocolHandshake.createSession(ProtocolHandshake.java:67)
	at org.openqa.selenium.remote.HttpCommandExecutor.execute(HttpCommandExecutor.java:165)
	at org.openqa.selenium.remote.service.DriverCommandExecutor.invokeExecute(DriverCommandExecutor.java:183)
	at org.openqa.selenium.remote.service.DriverCommandExecutor.execute(DriverCommandExecutor.java:158)
	at org.openqa.selenium.remote.RemoteWebDriver.execute(RemoteWebDriver.java:543)
	at org.openqa.selenium.remote.RemoteWebDriver.startSession(RemoteWebDriver.java:229)
	at org.openqa.selenium.remote.RemoteWebDriver.<init>(RemoteWebDriver.java:157)
	at org.openqa.selenium.chromium.ChromiumDriver.<init>(ChromiumDriver.java:101)
	at org.openqa.selenium.chrome.ChromeDriver.<init>(ChromeDriver.java:88)
	at org.openqa.selenium.chrome.ChromeDriver.<init>(ChromeDriver.java:84)
	at org.openqa.selenium.chrome.ChromeDriver.<init>(ChromeDriver.java:73)
	at stepDefinitions.MyAccountLoginStepDefinitions.open_browser(MyAccountLoginStepDefinitions.java:20)
	at ?.Open Browser(file:///C:/Users/Murugan%20Kiran/eclipse-workspace/Cucumberproject/Features/MyAccount-Login.feature:14)
]]>
</failure>
<system-out><![CDATA[
Given Open Browser..........................................................failed
When Enter the URL"https://practice.automationtesting.in/"..................skipped
And click on MyAccount Menu.................................................skipped
And Enter the valid username "username1" and password "password12"..........skipped
And Click on Login buttona..................................................skipped
Then user must be successfully loged into the we page.......................skipped
]]></system-out>
</testcase>
<testcase classname="MyAccount -Login Feature" name="Login with valid and invalid usernames and passwords - Example #1.4" time="4.494">
<failure type="org.openqa.selenium.SessionNotCreatedException" message="Could not start a new session. Response code 500. Message: session not created: This version of ChromeDriver only supports Chrome version 120
Current browser version is 127.0.6533.120 with binary path C:\Program Files\Google\Chrome\Application\chrome.exe 
Host info: host: 'DESKTOP-38IBVSS', ip: '192.168.0.129'
Build info: version: '4.8.3', revision: 'e5e76298c3'
System info: os.name: 'Windows 10', os.arch: 'amd64', os.version: '10.0', java.version: '17'
Driver info: org.openqa.selenium.chrome.ChromeDriver
Command: [null, newSession {capabilities=[Capabilities {browserName: chrome, goog:chromeOptions: {args: [--remote-allow-origins=*], extensions: [Q3IyNAMAAABFAgAAEqwECqYCMII...]}}], desiredCapabilities=Capabilities {browserName: chrome, goog:chromeOptions: {args: [--remote-allow-origins=*], extensions: [Q3IyNAMAAABFAgAAEqwECqYCMII...]}}}]">
<![CDATA[org.openqa.selenium.SessionNotCreatedException: Could not start a new session. Response code 500. Message: session not created: This version of ChromeDriver only supports Chrome version 120
Current browser version is 127.0.6533.120 with binary path C:\Program Files\Google\Chrome\Application\chrome.exe 
Host info: host: 'DESKTOP-38IBVSS', ip: '192.168.0.129'
Build info: version: '4.8.3', revision: 'e5e76298c3'
System info: os.name: 'Windows 10', os.arch: 'amd64', os.version: '10.0', java.version: '17'
Driver info: org.openqa.selenium.chrome.ChromeDriver
Command: [null, newSession {capabilities=[Capabilities {browserName: chrome, goog:chromeOptions: {args: [--remote-allow-origins=*], extensions: [Q3IyNAMAAABFAgAAEqwECqYCMII...]}}], desiredCapabilities=Capabilities {browserName: chrome, goog:chromeOptions: {args: [--remote-allow-origins=*], extensions: [Q3IyNAMAAABFAgAAEqwECqYCMII...]}}}]
	at org.openqa.selenium.remote.ProtocolHandshake.createSession(ProtocolHandshake.java:148)
	at org.openqa.selenium.remote.ProtocolHandshake.createSession(ProtocolHandshake.java:106)
	at org.openqa.selenium.remote.ProtocolHandshake.createSession(ProtocolHandshake.java:67)
	at org.openqa.selenium.remote.HttpCommandExecutor.execute(HttpCommandExecutor.java:165)
	at org.openqa.selenium.remote.service.DriverCommandExecutor.invokeExecute(DriverCommandExecutor.java:183)
	at org.openqa.selenium.remote.service.DriverCommandExecutor.execute(DriverCommandExecutor.java:158)
	at org.openqa.selenium.remote.RemoteWebDriver.execute(RemoteWebDriver.java:543)
	at org.openqa.selenium.remote.RemoteWebDriver.startSession(RemoteWebDriver.java:229)
	at org.openqa.selenium.remote.RemoteWebDriver.<init>(RemoteWebDriver.java:157)
	at org.openqa.selenium.chromium.ChromiumDriver.<init>(ChromiumDriver.java:101)
	at org.openqa.selenium.chrome.ChromeDriver.<init>(ChromeDriver.java:88)
	at org.openqa.selenium.chrome.ChromeDriver.<init>(ChromeDriver.java:84)
	at org.openqa.selenium.chrome.ChromeDriver.<init>(ChromeDriver.java:73)
	at stepDefinitions.MyAccountLoginStepDefinitions.open_browser(MyAccountLoginStepDefinitions.java:20)
	at ?.Open Browser(file:///C:/Users/Murugan%20Kiran/eclipse-workspace/Cucumberproject/Features/MyAccount-Login.feature:14)
]]>
</failure>
<system-out><![CDATA[
Given Open Browser..........................................................failed
When Enter the URL"https://practice.automationtesting.in/"..................skipped
And click on MyAccount Menu.................................................skipped
And Enter the valid username "username1" and password "password13"..........skipped
And Click on Login buttona..................................................skipped
Then user must be successfully loged into the we page.......................skipped
]]></system-out>
</testcase>
</testsuite>
